<?xml version="1.0" encoding="UTF-8"?>
<!-- Generated by org.testng.reporters.JUnitReportReporter -->
<testsuite skipped="0" hostname="ATMECSINLT-087" name="com.atmecs.phptravels.testscripts.HomePageTestScript" tests="4" failures="0" timestamp="13 Sep 2019 14:43:19 GMT" time="14.434" errors="0">
  <testcase name="landingPageValidation" time="0.493" classname="com.atmecs.phptravels.testscripts.HomePageTestScript"/>
  <testcase name="invalidCheckinDate" time="8.188" classname="com.atmecs.phptravels.testscripts.HomePageTestScript"/>
  <testcase name="cityInputValidation" time="2.857" classname="com.atmecs.phptravels.testscripts.HomePageTestScript"/>
  <testcase name="tourSearch" time="2.896" classname="com.atmecs.phptravels.testscripts.HomePageTestScript"/>
</testsuite> <!-- com.atmecs.phptravels.testscripts.HomePageTestScript -->
