<?xml version="1.0" encoding="UTF-8"?>
<!-- Generated by org.testng.reporters.JUnitReportReporter -->
<testsuite skipped="0" hostname="ATMECSINLT-087" name="com.atmecs.phptravels.testscripts.BookingSummaryPageTest" tests="8" failures="0" timestamp="13 Sep 2019 14:43:19 GMT" time="11.153" errors="0">
  <testcase name="personalDetailsInput" time="3.853" classname="com.atmecs.phptravels.testscripts.BookingSummaryPageTest"/>
  <testcase name="guestInfoInput" time="0.738" classname="com.atmecs.phptravels.testscripts.BookingSummaryPageTest"/>
  <testcase name="guestInfoInput" time="0.906" classname="com.atmecs.phptravels.testscripts.BookingSummaryPageTest"/>
  <testcase name="guestInfoInput" time="0.659" classname="com.atmecs.phptravels.testscripts.BookingSummaryPageTest"/>
  <testcase name="guestInfoInput" time="0.842" classname="com.atmecs.phptravels.testscripts.BookingSummaryPageTest"/>
  <testcase name="amountValidateAfterAddingExtra" time="0.083" classname="com.atmecs.phptravels.testscripts.BookingSummaryPageTest"/>
  <testcase name="tourNameValidate" time="0.812" classname="com.atmecs.phptravels.testscripts.BookingSummaryPageTest"/>
  <testcase name="amountValidateBeforeAddingExtra" time="3.260" classname="com.atmecs.phptravels.testscripts.BookingSummaryPageTest"/>
</testsuite> <!-- com.atmecs.phptravels.testscripts.BookingSummaryPageTest -->
