<?xml version="1.0" encoding="UTF-8"?>
<!-- Generated by org.testng.reporters.JUnitReportReporter -->
<testsuite skipped="0" hostname="ATMECSINLT-087" name="com.atmecs.phptravels.testscripts.HomePageTestScript" tests="4" failures="0" timestamp="13 Sep 2019 18:21:52 GMT" time="16.073" errors="0">
  <testcase name="landingPageValidation" time="0.132" classname="com.atmecs.phptravels.testscripts.HomePageTestScript"/>
  <testcase name="invalidCheckinDate" time="8.264" classname="com.atmecs.phptravels.testscripts.HomePageTestScript"/>
  <testcase name="tourSearch" time="3.478" classname="com.atmecs.phptravels.testscripts.HomePageTestScript"/>
  <testcase name="cityInputValidation" time="4.199" classname="com.atmecs.phptravels.testscripts.HomePageTestScript"/>
</testsuite> <!-- com.atmecs.phptravels.testscripts.HomePageTestScript -->
