<?xml version="1.0" encoding="UTF-8"?>
<!-- Generated by org.testng.reporters.JUnitReportReporter -->
<testsuite skipped="0" hostname="ATMECSINLT-087" name="com.atmecs.phptravels.testscripts.BookingSummaryPageTest" tests="8" failures="0" timestamp="13 Sep 2019 18:08:07 GMT" time="11.680" errors="0">
  <testcase name="personalDetailsInput" time="4.452" classname="com.atmecs.phptravels.testscripts.BookingSummaryPageTest"/>
  <testcase name="guestInfoInput" time="0.564" classname="com.atmecs.phptravels.testscripts.BookingSummaryPageTest"/>
  <testcase name="guestInfoInput" time="0.713" classname="com.atmecs.phptravels.testscripts.BookingSummaryPageTest"/>
  <testcase name="guestInfoInput" time="0.733" classname="com.atmecs.phptravels.testscripts.BookingSummaryPageTest"/>
  <testcase name="guestInfoInput" time="0.799" classname="com.atmecs.phptravels.testscripts.BookingSummaryPageTest"/>
  <testcase name="amountValidateAfterAddingExtra" time="0.095" classname="com.atmecs.phptravels.testscripts.BookingSummaryPageTest"/>
  <testcase name="tourNameValidate" time="0.796" classname="com.atmecs.phptravels.testscripts.BookingSummaryPageTest"/>
  <testcase name="amountValidateBeforeAddingExtra" time="3.528" classname="com.atmecs.phptravels.testscripts.BookingSummaryPageTest"/>
</testsuite> <!-- com.atmecs.phptravels.testscripts.BookingSummaryPageTest -->
