<?xml version="1.0" encoding="UTF-8"?>
<!-- Generated by org.testng.reporters.JUnitReportReporter -->
<testsuite skipped="0" hostname="ATMECSINLT-087" name="com.atmecs.phptravels.testscripts.HomePageScript" tests="1" failures="0" timestamp="12 Sep 2019 06:19:27 GMT" time="15.791" errors="0">
  <testcase name="test" time="15.791" classname="com.atmecs.phptravels.testscripts.HomePageScript"/>
</testsuite> <!-- com.atmecs.phptravels.testscripts.HomePageScript -->
