<?xml version="1.0" encoding="UTF-8"?>
<!-- Generated by org.testng.reporters.JUnitReportReporter -->
<testsuite skipped="0" hostname="ATMECSINLT-087" name="com.atmecs.phptravels.testscripts.HomePageTestScript" tests="4" failures="0" timestamp="13 Sep 2019 18:08:07 GMT" time="16.330" errors="0">
  <testcase name="landingPageValidation" time="0.219" classname="com.atmecs.phptravels.testscripts.HomePageTestScript"/>
  <testcase name="invalidCheckinDate" time="8.567" classname="com.atmecs.phptravels.testscripts.HomePageTestScript"/>
  <testcase name="tourSearch" time="3.616" classname="com.atmecs.phptravels.testscripts.HomePageTestScript"/>
  <testcase name="cityInputValidation" time="3.928" classname="com.atmecs.phptravels.testscripts.HomePageTestScript"/>
</testsuite> <!-- com.atmecs.phptravels.testscripts.HomePageTestScript -->
