<?xml version="1.0" encoding="UTF-8"?>
<!-- Generated by org.testng.reporters.JUnitReportReporter -->
<testsuite skipped="0" hostname="ATMECSINLT-087" name="com.atmecs.phptravels.testscripts.Testing" tests="1" failures="0" timestamp="11 Sep 2019 12:11:06 GMT" time="16.480" errors="0">
  <testcase name="test" time="16.480" classname="com.atmecs.phptravels.testscripts.Testing"/>
</testsuite> <!-- com.atmecs.phptravels.testscripts.Testing -->
