<?xml version="1.0" encoding="UTF-8"?>
<!-- Generated by org.testng.reporters.JUnitReportReporter -->
<testsuite skipped="0" hostname="ATMECSINLT-087" name="com.atmecs.phptravels.testscripts.InvoicePageTest" tests="1" failures="0" timestamp="13 Sep 2019 18:08:07 GMT" time="11.959" errors="0">
  <testcase name="invoicePageValidate" time="11.959" classname="com.atmecs.phptravels.testscripts.InvoicePageTest"/>
</testsuite> <!-- com.atmecs.phptravels.testscripts.InvoicePageTest -->
